<?xml version="1.0" encoding="UTF-8"?>
<testng-results ignored="0" total="1" passed="1" failed="0" skipped="0">
  <reporter-output>
  </reporter-output>
  <suite started-at="2022-11-24T21:36:08 IST" name="Default suite" finished-at="2022-11-24T21:36:21 IST" duration-ms="12578">
    <groups>
    </groups>
    <test started-at="2022-11-24T21:36:08 IST" name="Default test" finished-at="2022-11-24T21:36:21 IST" duration-ms="12578">
      <class name="tests.basic.PageObjectCode">
        <test-method is-config="true" signature="init()[pri:0, instance:tests.basic.PageObjectCode@3e0e1046]" started-at="2022-11-24T21:36:08 IST" name="init" finished-at="2022-11-24T21:36:14 IST" duration-ms="5534" status="PASS">
          <reporter-output>
          </reporter-output>
        </test-method> <!-- init -->
        <test-method signature="test()[pri:0, instance:tests.basic.PageObjectCode@3e0e1046]" started-at="2022-11-24T21:36:14 IST" name="test" finished-at="2022-11-24T21:36:20 IST" duration-ms="6716" status="PASS">
          <reporter-output>
          </reporter-output>
        </test-method> <!-- test -->
        <test-method is-config="true" signature="tearDown()[pri:0, instance:tests.basic.PageObjectCode@3e0e1046]" started-at="2022-11-24T21:36:20 IST" name="tearDown" finished-at="2022-11-24T21:36:21 IST" duration-ms="234" status="PASS">
          <reporter-output>
          </reporter-output>
        </test-method> <!-- tearDown -->
      </class> <!-- tests.basic.PageObjectCode -->
    </test> <!-- Default test -->
  </suite> <!-- Default suite -->
</testng-results>
